<?xml version="1.0" encoding="UTF-8"?>
<coverage generated="1690671514690" clover="3.2.0">
  <project timestamp="1690671514690" name="All files">
    <metrics statements="174" coveredstatements="170" conditionals="8" coveredconditionals="8" methods="50" coveredmethods="48" elements="232" coveredelements="226" complexity="0" loc="174" ncloc="174" packages="5" files="18" classes="18"/>
    <package name="Assignment9">
      <metrics statements="2" coveredstatements="2" conditionals="0" coveredconditionals="0" methods="1" coveredmethods="1"/>
      <file name="App.js" path="/Users/fernandoortiz/Desktop/CSE118Summer/Assignment9/Assignment9/App.js">
        <metrics statements="2" coveredstatements="2" conditionals="0" coveredconditionals="0" methods="1" coveredmethods="1"/>
        <line num="11" count="1" type="stmt"/>
        <line num="12" count="12" type="stmt"/>
      </file>
    </package>
    <package name="Assignment9.src">
      <metrics statements="7" coveredstatements="7" conditionals="0" coveredconditionals="0" methods="5" coveredmethods="5"/>
      <file name="Main.js" path="/Users/fernandoortiz/Desktop/CSE118Summer/Assignment9/Assignment9/src/Main.js">
        <metrics statements="7" coveredstatements="7" conditionals="0" coveredconditionals="0" methods="5" coveredmethods="5"/>
        <line num="13" count="1" type="stmt"/>
        <line num="16" count="1" type="stmt"/>
        <line num="17" count="12" type="stmt"/>
        <line num="28" count="81" type="stmt"/>
        <line num="37" count="51" type="stmt"/>
        <line num="46" count="30" type="stmt"/>
        <line num="56" count="2" type="stmt"/>
      </file>
    </package>
    <package name="Assignment9.src.Model">
      <metrics statements="52" coveredstatements="52" conditionals="4" coveredconditionals="4" methods="9" coveredmethods="9"/>
      <file name="ViewModel.js" path="/Users/fernandoortiz/Desktop/CSE118Summer/Assignment9/Assignment9/src/Model/ViewModel.js">
        <metrics statements="52" coveredstatements="52" conditionals="4" coveredconditionals="4" methods="9" coveredmethods="9"/>
        <line num="10" count="1" type="stmt"/>
        <line num="11" count="1" type="stmt"/>
        <line num="12" count="1" type="stmt"/>
        <line num="13" count="1" type="stmt"/>
        <line num="14" count="1" type="stmt"/>
        <line num="16" count="1" type="stmt"/>
        <line num="18" count="78" type="stmt"/>
        <line num="19" count="77" type="stmt"/>
        <line num="20" count="77" type="stmt"/>
        <line num="21" count="77" type="stmt"/>
        <line num="22" count="77" type="stmt"/>
        <line num="23" count="77" type="stmt"/>
        <line num="24" count="77" type="stmt"/>
        <line num="25" count="77" type="stmt"/>
        <line num="27" count="77" type="stmt"/>
        <line num="28" count="11" type="stmt"/>
        <line num="29" count="11" type="stmt"/>
        <line num="30" count="11" type="stmt"/>
        <line num="31" count="10" type="stmt"/>
        <line num="32" count="10" type="stmt"/>
        <line num="33" count="10" type="stmt"/>
        <line num="36" count="1" type="stmt"/>
        <line num="37" count="1" type="stmt"/>
        <line num="38" count="1" type="stmt"/>
        <line num="42" count="77" type="stmt"/>
        <line num="43" count="1" type="stmt"/>
        <line num="44" count="1" type="stmt"/>
        <line num="45" count="1" type="stmt"/>
        <line num="50" count="1" type="stmt"/>
        <line num="51" count="1" type="stmt"/>
        <line num="52" count="1" type="stmt"/>
        <line num="56" count="77" type="stmt"/>
        <line num="59" count="10" type="stmt"/>
        <line num="60" count="10" type="stmt"/>
        <line num="61" count="10" type="stmt"/>
        <line num="62" count="10" type="stmt"/>
        <line num="69" count="77" type="stmt"/>
        <line num="71" count="10" type="stmt"/>
        <line num="72" count="10" type="stmt"/>
        <line num="80" count="77" type="stmt"/>
        <line num="81" count="40" type="stmt"/>
        <line num="82" count="40" type="cond" truecount="2" falsecount="0"/>
        <line num="83" count="7" type="stmt"/>
        <line num="84" count="7" type="stmt"/>
        <line num="87" count="40" type="stmt"/>
        <line num="90" count="77" type="stmt"/>
        <line num="91" count="38" type="stmt"/>
        <line num="92" count="38" type="cond" truecount="2" falsecount="0"/>
        <line num="93" count="5" type="stmt"/>
        <line num="94" count="5" type="stmt"/>
        <line num="98" count="38" type="stmt"/>
        <line num="102" count="77" type="stmt"/>
      </file>
    </package>
    <package name="Assignment9.src.Repo">
      <metrics statements="29" coveredstatements="29" conditionals="2" coveredconditionals="2" methods="6" coveredmethods="6"/>
      <file name="ChannelRepo.js" path="/Users/fernandoortiz/Desktop/CSE118Summer/Assignment9/Assignment9/src/Repo/ChannelRepo.js">
        <metrics statements="4" coveredstatements="4" conditionals="0" coveredconditionals="0" methods="1" coveredmethods="1"/>
        <line num="1" count="1" type="stmt"/>
        <line num="5" count="7" type="stmt"/>
        <line num="15" count="7" type="stmt"/>
        <line num="16" count="7" type="stmt"/>
      </file>
      <file name="LoginRepo.js" path="/Users/fernandoortiz/Desktop/CSE118Summer/Assignment9/Assignment9/src/Repo/LoginRepo.js">
        <metrics statements="9" coveredstatements="9" conditionals="2" coveredconditionals="2" methods="1" coveredmethods="1"/>
        <line num="3" count="1" type="stmt"/>
        <line num="4" count="11" type="stmt"/>
        <line num="5" count="11" type="stmt"/>
        <line num="16" count="11" type="cond" truecount="2" falsecount="0"/>
        <line num="17" count="1" type="stmt"/>
        <line num="20" count="10" type="stmt"/>
        <line num="22" count="10" type="stmt"/>
        <line num="24" count="1" type="stmt"/>
        <line num="25" count="1" type="stmt"/>
      </file>
      <file name="MemberRepo.js" path="/Users/fernandoortiz/Desktop/CSE118Summer/Assignment9/Assignment9/src/Repo/MemberRepo.js">
        <metrics statements="8" coveredstatements="8" conditionals="0" coveredconditionals="0" methods="2" coveredmethods="2"/>
        <line num="1" count="1" type="stmt"/>
        <line num="3" count="10" type="stmt"/>
        <line num="5" count="10" type="stmt"/>
        <line num="15" count="10" type="stmt"/>
        <line num="16" count="10" type="stmt"/>
        <line num="17" count="146" type="stmt"/>
        <line num="18" count="10" type="stmt"/>
        <line num="19" count="10" type="stmt"/>
      </file>
      <file name="MessageRepo.js" path="/Users/fernandoortiz/Desktop/CSE118Summer/Assignment9/Assignment9/src/Repo/MessageRepo.js">
        <metrics statements="4" coveredstatements="4" conditionals="0" coveredconditionals="0" methods="1" coveredmethods="1"/>
        <line num="1" count="1" type="stmt"/>
        <line num="5" count="5" type="stmt"/>
        <line num="15" count="5" type="stmt"/>
        <line num="17" count="5" type="stmt"/>
      </file>
      <file name="WorkspaceRepo.js" path="/Users/fernandoortiz/Desktop/CSE118Summer/Assignment9/Assignment9/src/Repo/WorkspaceRepo.js">
        <metrics statements="4" coveredstatements="4" conditionals="0" coveredconditionals="0" methods="1" coveredmethods="1"/>
        <line num="3" count="1" type="stmt"/>
        <line num="6" count="10" type="stmt"/>
        <line num="17" count="10" type="stmt"/>
        <line num="19" count="10" type="stmt"/>
      </file>
    </package>
    <package name="Assignment9.src.UI">
      <metrics statements="84" coveredstatements="80" conditionals="2" coveredconditionals="2" methods="29" coveredmethods="27"/>
      <file name="AddMessageView.js" path="/Users/fernandoortiz/Desktop/CSE118Summer/Assignment9/Assignment9/src/UI/AddMessageView.js">
        <metrics statements="8" coveredstatements="5" conditionals="0" coveredconditionals="0" methods="2" coveredmethods="1"/>
        <line num="6" count="1" type="stmt"/>
        <line num="8" count="3" type="stmt"/>
        <line num="9" count="3" type="stmt"/>
        <line num="11" count="3" type="stmt"/>
        <line num="12" count="0" type="stmt"/>
        <line num="13" count="0" type="stmt"/>
        <line num="14" count="0" type="stmt"/>
        <line num="18" count="3" type="stmt"/>
      </file>
      <file name="ChannelCard.js" path="/Users/fernandoortiz/Desktop/CSE118Summer/Assignment9/Assignment9/src/UI/ChannelCard.js">
        <metrics statements="6" coveredstatements="6" conditionals="0" coveredconditionals="0" methods="2" coveredmethods="2"/>
        <line num="5" count="1" type="stmt"/>
        <line num="17" count="1" type="stmt"/>
        <line num="18" count="60" type="stmt"/>
        <line num="19" count="60" type="stmt"/>
        <line num="22" count="5" type="stmt"/>
        <line num="23" count="5" type="stmt"/>
      </file>
      <file name="ChannelView.js" path="/Users/fernandoortiz/Desktop/CSE118Summer/Assignment9/Assignment9/src/UI/ChannelView.js">
        <metrics statements="5" coveredstatements="5" conditionals="0" coveredconditionals="0" methods="3" coveredmethods="3"/>
        <line num="8" count="1" type="stmt"/>
        <line num="9" count="35" type="stmt"/>
        <line num="11" count="35" type="stmt"/>
        <line num="15" count="67" type="stmt"/>
        <line num="18" count="60" type="stmt"/>
      </file>
      <file name="LoginView.js" path="/Users/fernandoortiz/Desktop/CSE118Summer/Assignment9/Assignment9/src/UI/LoginView.js">
        <metrics statements="13" coveredstatements="13" conditionals="2" coveredconditionals="2" methods="2" coveredmethods="2"/>
        <line num="8" count="1" type="stmt"/>
        <line num="9" count="110" type="stmt"/>
        <line num="10" count="110" type="stmt"/>
        <line num="11" count="110" type="stmt"/>
        <line num="14" count="110" type="stmt"/>
        <line num="15" count="110" type="stmt"/>
        <line num="17" count="110" type="stmt"/>
        <line num="18" count="11" type="stmt"/>
        <line num="19" count="11" type="stmt"/>
        <line num="20" count="11" type="stmt"/>
        <line num="22" count="11" type="cond" truecount="2" falsecount="0"/>
        <line num="23" count="10" type="stmt"/>
        <line num="28" count="110" type="stmt"/>
      </file>
      <file name="MessageCard.js" path="/Users/fernandoortiz/Desktop/CSE118Summer/Assignment9/Assignment9/src/UI/MessageCard.js">
        <metrics statements="16" coveredstatements="16" conditionals="0" coveredconditionals="0" methods="4" coveredmethods="4"/>
        <line num="5" count="1" type="stmt"/>
        <line num="17" count="1" type="stmt"/>
        <line num="18" count="48" type="stmt"/>
        <line num="19" count="48" type="stmt"/>
        <line num="21" count="48" type="stmt"/>
        <line num="23" count="48" type="stmt"/>
        <line num="26" count="48" type="stmt"/>
        <line num="27" count="10" type="stmt"/>
        <line num="28" count="10" type="stmt"/>
        <line num="29" count="10" type="stmt"/>
        <line num="30" count="10" type="stmt"/>
        <line num="32" count="10" type="stmt"/>
        <line num="34" count="48" type="stmt"/>
        <line num="37" count="48" type="stmt"/>
        <line num="40" count="1" type="stmt"/>
        <line num="41" count="1" type="stmt"/>
      </file>
      <file name="MessageDetailView.js" path="/Users/fernandoortiz/Desktop/CSE118Summer/Assignment9/Assignment9/src/UI/MessageDetailView.js">
        <metrics statements="5" coveredstatements="5" conditionals="0" coveredconditionals="0" methods="1" coveredmethods="1"/>
        <line num="7" count="1" type="stmt"/>
        <line num="23" count="1" type="stmt"/>
        <line num="24" count="1" type="stmt"/>
        <line num="25" count="1" type="stmt"/>
        <line num="26" count="1" type="stmt"/>
      </file>
      <file name="MessageView.js" path="/Users/fernandoortiz/Desktop/CSE118Summer/Assignment9/Assignment9/src/UI/MessageView.js">
        <metrics statements="12" coveredstatements="11" conditionals="0" coveredconditionals="0" methods="7" coveredmethods="6"/>
        <line num="9" count="1" type="stmt"/>
        <line num="10" count="21" type="stmt"/>
        <line num="12" count="21" type="stmt"/>
        <line num="13" count="0" type="stmt"/>
        <line num="16" count="21" type="stmt"/>
        <line num="17" count="3" type="stmt"/>
        <line num="21" count="21" type="stmt"/>
        <line num="22" count="5" type="stmt"/>
        <line num="24" count="33" type="stmt"/>
        <line num="38" count="21" type="stmt"/>
        <line num="42" count="42" type="stmt"/>
        <line num="45" count="38" type="stmt"/>
      </file>
      <file name="Styles.js" path="/Users/fernandoortiz/Desktop/CSE118Summer/Assignment9/Assignment9/src/UI/Styles.js">
        <metrics statements="0" coveredstatements="0" conditionals="0" coveredconditionals="0" methods="0" coveredmethods="0"/>
      </file>
      <file name="WorkspaceCard.js" path="/Users/fernandoortiz/Desktop/CSE118Summer/Assignment9/Assignment9/src/UI/WorkspaceCard.js">
        <metrics statements="6" coveredstatements="6" conditionals="0" coveredconditionals="0" methods="2" coveredmethods="2"/>
        <line num="5" count="1" type="stmt"/>
        <line num="17" count="1" type="stmt"/>
        <line num="18" count="135" type="stmt"/>
        <line num="19" count="135" type="stmt"/>
        <line num="22" count="7" type="stmt"/>
        <line num="23" count="7" type="stmt"/>
      </file>
      <file name="WorkspaceView.js" path="/Users/fernandoortiz/Desktop/CSE118Summer/Assignment9/Assignment9/src/UI/WorkspaceView.js">
        <metrics statements="13" coveredstatements="13" conditionals="0" coveredconditionals="0" methods="6" coveredmethods="6"/>
        <line num="9" count="1" type="stmt"/>
        <line num="10" count="55" type="stmt"/>
        <line num="11" count="55" type="stmt"/>
        <line num="14" count="55" type="stmt"/>
        <line num="15" count="1" type="stmt"/>
        <line num="16" count="1" type="stmt"/>
        <line num="19" count="55" type="stmt"/>
        <line num="21" count="55" type="stmt"/>
        <line num="22" count="55" type="stmt"/>
        <line num="24" count="60" type="stmt"/>
        <line num="33" count="55" type="stmt"/>
        <line num="37" count="144" type="stmt"/>
        <line num="40" count="135" type="stmt"/>
      </file>
    </package>
  </project>
</coverage>
