{"/Users/fernandoortiz/Desktop/CSE118Summer/Assignment9/Assignment9/App.js": {"path":"/Users/fernandoortiz/Desktop/CSE118Summer/Assignment9/Assignment9/App.js","statementMap":{"0":{"start":{"line":11,"column":12},"end":{"line":13,"column":1}},"1":{"start":{"line":12,"column":4},"end":{"line":12,"column":20}}},"fnMap":{"0":{"name":"(anonymous_0)","decl":{"start":{"line":11,"column":12},"end":{"line":11,"column":13}},"loc":{"start":{"line":11,"column":18},"end":{"line":13,"column":1}},"line":11}},"branchMap":{},"s":{"0":1,"1":12},"f":{"0":12},"b":{},"_coverageSchema":"1a1c01bbd47fc00a2c39e90264f33305004495a9","hash":"1ac11ed1db4c0ec613a8745c496faac69bdfe29e"}
,"/Users/fernandoortiz/Desktop/CSE118Summer/Assignment9/Assignment9/src/Main.js": {"path":"/Users/fernandoortiz/Desktop/CSE118Summer/Assignment9/Assignment9/src/Main.js","statementMap":{"0":{"start":{"line":13,"column":14},"end":{"line":13,"column":36}},"1":{"start":{"line":16,"column":13},"end":{"line":75,"column":1}},"2":{"start":{"line":17,"column":4},"end":{"line":74,"column":6}},"3":{"start":{"line":28,"column":40},"end":{"line":32,"column":25}},"4":{"start":{"line":37,"column":47},"end":{"line":41,"column":25}},"5":{"start":{"line":46,"column":47},"end":{"line":51,"column":25}},"6":{"start":{"line":56,"column":47},"end":{"line":60,"column":25}}},"fnMap":{"0":{"name":"(anonymous_0)","decl":{"start":{"line":16,"column":13},"end":{"line":16,"column":14}},"loc":{"start":{"line":16,"column":19},"end":{"line":75,"column":1}},"line":16},"1":{"name":"(anonymous_1)","decl":{"start":{"line":28,"column":33},"end":{"line":28,"column":34}},"loc":{"start":{"line":28,"column":40},"end":{"line":32,"column":25}},"line":28},"2":{"name":"(anonymous_2)","decl":{"start":{"line":37,"column":33},"end":{"line":37,"column":34}},"loc":{"start":{"line":37,"column":47},"end":{"line":41,"column":25}},"line":37},"3":{"name":"(anonymous_3)","decl":{"start":{"line":46,"column":33},"end":{"line":46,"column":34}},"loc":{"start":{"line":46,"column":47},"end":{"line":51,"column":25}},"line":46},"4":{"name":"(anonymous_4)","decl":{"start":{"line":56,"column":33},"end":{"line":56,"column":34}},"loc":{"start":{"line":56,"column":47},"end":{"line":60,"column":25}},"line":56}},"branchMap":{},"s":{"0":1,"1":1,"2":12,"3":81,"4":51,"5":30,"6":2},"f":{"0":12,"1":81,"2":51,"3":30,"4":2},"b":{},"_coverageSchema":"1a1c01bbd47fc00a2c39e90264f33305004495a9","hash":"17baf3f31b01c11736055a85a2cbb6ec6d1383af"}
,"/Users/fernandoortiz/Desktop/CSE118Summer/Assignment9/Assignment9/src/Model/ViewModel.js": {"path":"/Users/fernandoortiz/Desktop/CSE118Summer/Assignment9/Assignment9/src/Model/ViewModel.js","statementMap":{"0":{"start":{"line":10,"column":28},"end":{"line":10,"column":49}},"1":{"start":{"line":11,"column":33},"end":{"line":11,"column":54}},"2":{"start":{"line":12,"column":31},"end":{"line":12,"column":52}},"3":{"start":{"line":13,"column":31},"end":{"line":13,"column":52}},"4":{"start":{"line":14,"column":36},"end":{"line":14,"column":57}},"5":{"start":{"line":16,"column":17},"end":{"line":116,"column":1}},"6":{"start":{"line":18,"column":46},"end":{"line":18,"column":62}},"7":{"start":{"line":19,"column":40},"end":{"line":19,"column":58}},"8":{"start":{"line":20,"column":38},"end":{"line":20,"column":54}},"9":{"start":{"line":21,"column":36},"end":{"line":21,"column":54}},"10":{"start":{"line":22,"column":34},"end":{"line":22,"column":50}},"11":{"start":{"line":23,"column":36},"end":{"line":23,"column":54}},"12":{"start":{"line":24,"column":34},"end":{"line":24,"column":50}},"13":{"start":{"line":25,"column":32},"end":{"line":25,"column":48}},"14":{"start":{"line":27,"column":18},"end":{"line":40,"column":5}},"15":{"start":{"line":28,"column":8},"end":{"line":39,"column":9}},"16":{"start":{"line":29,"column":12},"end":{"line":29,"column":35}},"17":{"start":{"line":30,"column":34},"end":{"line":30,"column":62}},"18":{"start":{"line":31,"column":12},"end":{"line":31,"column":44}},"19":{"start":{"line":32,"column":12},"end":{"line":32,"column":41}},"20":{"start":{"line":33,"column":12},"end":{"line":33,"column":33}},"21":{"start":{"line":36,"column":12},"end":{"line":36,"column":47}},"22":{"start":{"line":37,"column":12},"end":{"line":37,"column":35}},"23":{"start":{"line":38,"column":12},"end":{"line":38,"column":25}},"24":{"start":{"line":42,"column":23},"end":{"line":54,"column":5}},"25":{"start":{"line":43,"column":8},"end":{"line":53,"column":9}},"26":{"start":{"line":44,"column":12},"end":{"line":44,"column":33}},"27":{"start":{"line":45,"column":12},"end":{"line":45,"column":30}},"28":{"start":{"line":50,"column":12},"end":{"line":50,"column":49}},"29":{"start":{"line":51,"column":12},"end":{"line":51,"column":35}},"30":{"start":{"line":52,"column":12},"end":{"line":52,"column":25}},"31":{"start":{"line":56,"column":22},"end":{"line":67,"column":5}},"32":{"start":{"line":59,"column":31},"end":{"line":59,"column":72}},"33":{"start":{"line":60,"column":12},"end":{"line":60,"column":34}},"34":{"start":{"line":61,"column":12},"end":{"line":61,"column":73}},"35":{"start":{"line":62,"column":12},"end":{"line":62,"column":30}},"36":{"start":{"line":69,"column":26},"end":{"line":78,"column":5}},"37":{"start":{"line":71,"column":31},"end":{"line":71,"column":66}},"38":{"start":{"line":72,"column":12},"end":{"line":72,"column":38}},"39":{"start":{"line":80,"column":4},"end":{"line":88,"column":35}},"40":{"start":{"line":81,"column":30},"end":{"line":86,"column":9}},"41":{"start":{"line":82,"column":12},"end":{"line":85,"column":13}},"42":{"start":{"line":83,"column":33},"end":{"line":83,"column":77}},"43":{"start":{"line":84,"column":16},"end":{"line":84,"column":38}},"44":{"start":{"line":87,"column":8},"end":{"line":87,"column":24}},"45":{"start":{"line":90,"column":4},"end":{"line":99,"column":33}},"46":{"start":{"line":91,"column":30},"end":{"line":97,"column":9}},"47":{"start":{"line":92,"column":12},"end":{"line":96,"column":13}},"48":{"start":{"line":93,"column":33},"end":{"line":93,"column":75}},"49":{"start":{"line":94,"column":16},"end":{"line":94,"column":38}},"50":{"start":{"line":98,"column":8},"end":{"line":98,"column":24}},"51":{"start":{"line":102,"column":4},"end":{"line":115,"column":6}}},"fnMap":{"0":{"name":"(anonymous_0)","decl":{"start":{"line":16,"column":17},"end":{"line":16,"column":18}},"loc":{"start":{"line":16,"column":28},"end":{"line":116,"column":1}},"line":16},"1":{"name":"(anonymous_1)","decl":{"start":{"line":27,"column":18},"end":{"line":27,"column":19}},"loc":{"start":{"line":27,"column":45},"end":{"line":40,"column":5}},"line":27},"2":{"name":"(anonymous_2)","decl":{"start":{"line":42,"column":23},"end":{"line":42,"column":24}},"loc":{"start":{"line":42,"column":34},"end":{"line":54,"column":5}},"line":42},"3":{"name":"(anonymous_3)","decl":{"start":{"line":56,"column":22},"end":{"line":56,"column":23}},"loc":{"start":{"line":56,"column":41},"end":{"line":67,"column":5}},"line":56},"4":{"name":"(anonymous_4)","decl":{"start":{"line":69,"column":26},"end":{"line":69,"column":27}},"loc":{"start":{"line":69,"column":51},"end":{"line":78,"column":5}},"line":69},"5":{"name":"(anonymous_5)","decl":{"start":{"line":80,"column":21},"end":{"line":80,"column":22}},"loc":{"start":{"line":80,"column":27},"end":{"line":88,"column":5}},"line":80},"6":{"name":"(anonymous_6)","decl":{"start":{"line":81,"column":30},"end":{"line":81,"column":31}},"loc":{"start":{"line":81,"column":42},"end":{"line":86,"column":9}},"line":81},"7":{"name":"(anonymous_7)","decl":{"start":{"line":90,"column":21},"end":{"line":90,"column":22}},"loc":{"start":{"line":90,"column":27},"end":{"line":99,"column":5}},"line":90},"8":{"name":"(anonymous_8)","decl":{"start":{"line":91,"column":30},"end":{"line":91,"column":31}},"loc":{"start":{"line":91,"column":42},"end":{"line":97,"column":9}},"line":91}},"branchMap":{"0":{"loc":{"start":{"line":82,"column":12},"end":{"line":85,"column":13}},"type":"if","locations":[{"start":{"line":82,"column":12},"end":{"line":85,"column":13}},{"start":{},"end":{}}],"line":82},"1":{"loc":{"start":{"line":92,"column":12},"end":{"line":96,"column":13}},"type":"if","locations":[{"start":{"line":92,"column":12},"end":{"line":96,"column":13}},{"start":{},"end":{}}],"line":92}},"s":{"0":1,"1":1,"2":1,"3":1,"4":1,"5":1,"6":78,"7":77,"8":77,"9":77,"10":77,"11":77,"12":77,"13":77,"14":77,"15":11,"16":11,"17":11,"18":10,"19":10,"20":10,"21":1,"22":1,"23":1,"24":77,"25":1,"26":1,"27":1,"28":1,"29":1,"30":1,"31":77,"32":10,"33":10,"34":10,"35":10,"36":77,"37":10,"38":10,"39":77,"40":40,"41":40,"42":7,"43":7,"44":40,"45":77,"46":38,"47":38,"48":5,"49":5,"50":38,"51":77},"f":{"0":78,"1":11,"2":1,"3":10,"4":10,"5":40,"6":40,"7":38,"8":38},"b":{"0":[7,33],"1":[5,33]},"_coverageSchema":"1a1c01bbd47fc00a2c39e90264f33305004495a9","hash":"d320308b9b04501965924785786cc13fff6050fd"}
,"/Users/fernandoortiz/Desktop/CSE118Summer/Assignment9/Assignment9/src/Repo/ChannelRepo.js": {"path":"/Users/fernandoortiz/Desktop/CSE118Summer/Assignment9/Assignment9/src/Repo/ChannelRepo.js","statementMap":{"0":{"start":{"line":1,"column":28},"end":{"line":21,"column":1}},"1":{"start":{"line":5,"column":25},"end":{"line":11,"column":10}},"2":{"start":{"line":15,"column":25},"end":{"line":15,"column":46}},"3":{"start":{"line":16,"column":8},"end":{"line":16,"column":24}}},"fnMap":{"0":{"name":"(anonymous_0)","decl":{"start":{"line":1,"column":28},"end":{"line":1,"column":29}},"loc":{"start":{"line":1,"column":64},"end":{"line":21,"column":1}},"line":1}},"branchMap":{},"s":{"0":1,"1":7,"2":7,"3":7},"f":{"0":7},"b":{},"_coverageSchema":"1a1c01bbd47fc00a2c39e90264f33305004495a9","hash":"8725a60277b7439460bed3242d821163b4d39b15"}
,"/Users/fernandoortiz/Desktop/CSE118Summer/Assignment9/Assignment9/src/Repo/LoginRepo.js": {"path":"/Users/fernandoortiz/Desktop/CSE118Summer/Assignment9/Assignment9/src/Repo/LoginRepo.js","statementMap":{"0":{"start":{"line":3,"column":21},"end":{"line":27,"column":1}},"1":{"start":{"line":4,"column":4},"end":{"line":26,"column":5}},"2":{"start":{"line":5,"column":25},"end":{"line":15,"column":10}},"3":{"start":{"line":16,"column":8},"end":{"line":18,"column":9}},"4":{"start":{"line":17,"column":12},"end":{"line":17,"column":44}},"5":{"start":{"line":20,"column":30},"end":{"line":20,"column":51}},"6":{"start":{"line":22,"column":8},"end":{"line":22,"column":29}},"7":{"start":{"line":24,"column":8},"end":{"line":24,"column":40}},"8":{"start":{"line":25,"column":8},"end":{"line":25,"column":20}}},"fnMap":{"0":{"name":"(anonymous_0)","decl":{"start":{"line":3,"column":21},"end":{"line":3,"column":22}},"loc":{"start":{"line":3,"column":48},"end":{"line":27,"column":1}},"line":3}},"branchMap":{"0":{"loc":{"start":{"line":16,"column":8},"end":{"line":18,"column":9}},"type":"if","locations":[{"start":{"line":16,"column":8},"end":{"line":18,"column":9}},{"start":{},"end":{}}],"line":16}},"s":{"0":1,"1":11,"2":11,"3":11,"4":1,"5":10,"6":10,"7":1,"8":1},"f":{"0":11},"b":{"0":[1,10]},"_coverageSchema":"1a1c01bbd47fc00a2c39e90264f33305004495a9","hash":"9803b78b4855ab2bafca81459d04b8b51d0e71a4"}
,"/Users/fernandoortiz/Desktop/CSE118Summer/Assignment9/Assignment9/src/Repo/MemberRepo.js": {"path":"/Users/fernandoortiz/Desktop/CSE118Summer/Assignment9/Assignment9/src/Repo/MemberRepo.js","statementMap":{"0":{"start":{"line":1,"column":26},"end":{"line":24,"column":1}},"1":{"start":{"line":3,"column":8},"end":{"line":3,"column":105}},"2":{"start":{"line":5,"column":25},"end":{"line":11,"column":10}},"3":{"start":{"line":15,"column":24},"end":{"line":15,"column":45}},"4":{"start":{"line":16,"column":8},"end":{"line":16,"column":56}},"5":{"start":{"line":17,"column":27},"end":{"line":17,"column":80}},"6":{"start":{"line":17,"column":50},"end":{"line":17,"column":79}},"7":{"start":{"line":18,"column":8},"end":{"line":18,"column":64}},"8":{"start":{"line":19,"column":8},"end":{"line":19,"column":31}}},"fnMap":{"0":{"name":"(anonymous_0)","decl":{"start":{"line":1,"column":26},"end":{"line":1,"column":27}},"loc":{"start":{"line":1,"column":68},"end":{"line":24,"column":1}},"line":1},"1":{"name":"(anonymous_1)","decl":{"start":{"line":17,"column":40},"end":{"line":17,"column":41}},"loc":{"start":{"line":17,"column":50},"end":{"line":17,"column":79}},"line":17}},"branchMap":{},"s":{"0":1,"1":10,"2":10,"3":10,"4":10,"5":10,"6":146,"7":10,"8":10},"f":{"0":10,"1":146},"b":{},"_coverageSchema":"1a1c01bbd47fc00a2c39e90264f33305004495a9","hash":"a14abffad6b486754bc1b168a331ddb4610a9921"}
,"/Users/fernandoortiz/Desktop/CSE118Summer/Assignment9/Assignment9/src/Repo/MessageRepo.js": {"path":"/Users/fernandoortiz/Desktop/CSE118Summer/Assignment9/Assignment9/src/Repo/MessageRepo.js","statementMap":{"0":{"start":{"line":1,"column":28},"end":{"line":22,"column":1}},"1":{"start":{"line":5,"column":25},"end":{"line":11,"column":10}},"2":{"start":{"line":15,"column":25},"end":{"line":15,"column":46}},"3":{"start":{"line":17,"column":8},"end":{"line":17,"column":24}}},"fnMap":{"0":{"name":"(anonymous_0)","decl":{"start":{"line":1,"column":28},"end":{"line":1,"column":29}},"loc":{"start":{"line":1,"column":62},"end":{"line":22,"column":1}},"line":1}},"branchMap":{},"s":{"0":1,"1":5,"2":5,"3":5},"f":{"0":5},"b":{},"_coverageSchema":"1a1c01bbd47fc00a2c39e90264f33305004495a9","hash":"613ec261b627a0b4dee538e494eb827dd6d8bb3e"}
,"/Users/fernandoortiz/Desktop/CSE118Summer/Assignment9/Assignment9/src/Repo/WorkspaceRepo.js": {"path":"/Users/fernandoortiz/Desktop/CSE118Summer/Assignment9/Assignment9/src/Repo/WorkspaceRepo.js","statementMap":{"0":{"start":{"line":3,"column":30},"end":{"line":24,"column":1}},"1":{"start":{"line":6,"column":25},"end":{"line":12,"column":10}},"2":{"start":{"line":17,"column":27},"end":{"line":17,"column":48}},"3":{"start":{"line":19,"column":8},"end":{"line":19,"column":26}}},"fnMap":{"0":{"name":"(anonymous_0)","decl":{"start":{"line":3,"column":30},"end":{"line":3,"column":31}},"loc":{"start":{"line":3,"column":55},"end":{"line":24,"column":1}},"line":3}},"branchMap":{},"s":{"0":1,"1":10,"2":10,"3":10},"f":{"0":10},"b":{},"_coverageSchema":"1a1c01bbd47fc00a2c39e90264f33305004495a9","hash":"674da83b8ba38164f90b050f882a3aaf22eec207"}
,"/Users/fernandoortiz/Desktop/CSE118Summer/Assignment9/Assignment9/src/UI/AddMessageView.js": {"path":"/Users/fernandoortiz/Desktop/CSE118Summer/Assignment9/Assignment9/src/UI/AddMessageView.js","statementMap":{"0":{"start":{"line":6,"column":23},"end":{"line":37,"column":1}},"1":{"start":{"line":8,"column":40},"end":{"line":8,"column":58}},"2":{"start":{"line":9,"column":34},"end":{"line":9,"column":55}},"3":{"start":{"line":11,"column":23},"end":{"line":16,"column":5}},"4":{"start":{"line":12,"column":8},"end":{"line":12,"column":25}},"5":{"start":{"line":13,"column":36},"end":{"line":13,"column":67}},"6":{"start":{"line":14,"column":8},"end":{"line":14,"column":27}},"7":{"start":{"line":18,"column":4},"end":{"line":36,"column":6}}},"fnMap":{"0":{"name":"(anonymous_0)","decl":{"start":{"line":6,"column":23},"end":{"line":6,"column":24}},"loc":{"start":{"line":6,"column":41},"end":{"line":37,"column":1}},"line":6},"1":{"name":"(anonymous_1)","decl":{"start":{"line":11,"column":23},"end":{"line":11,"column":24}},"loc":{"start":{"line":11,"column":34},"end":{"line":16,"column":5}},"line":11}},"branchMap":{},"s":{"0":1,"1":3,"2":3,"3":3,"4":0,"5":0,"6":0,"7":3},"f":{"0":3,"1":0},"b":{},"_coverageSchema":"1a1c01bbd47fc00a2c39e90264f33305004495a9","hash":"b52f2c89f6a98fd6404f8a9ae3c9e5539fc4c6d9"}
,"/Users/fernandoortiz/Desktop/CSE118Summer/Assignment9/Assignment9/src/UI/ChannelCard.js": {"path":"/Users/fernandoortiz/Desktop/CSE118Summer/Assignment9/Assignment9/src/UI/ChannelCard.js","statementMap":{"0":{"start":{"line":5,"column":15},"end":{"line":15,"column":2}},"1":{"start":{"line":17,"column":20},"end":{"line":30,"column":1}},"2":{"start":{"line":18,"column":25},"end":{"line":18,"column":58}},"3":{"start":{"line":19,"column":4},"end":{"line":29,"column":6}},"4":{"start":{"line":22,"column":16},"end":{"line":22,"column":36}},"5":{"start":{"line":23,"column":16},"end":{"line":23,"column":73}}},"fnMap":{"0":{"name":"(anonymous_0)","decl":{"start":{"line":17,"column":20},"end":{"line":17,"column":21}},"loc":{"start":{"line":17,"column":47},"end":{"line":30,"column":1}},"line":17},"1":{"name":"(anonymous_1)","decl":{"start":{"line":21,"column":21},"end":{"line":21,"column":22}},"loc":{"start":{"line":21,"column":33},"end":{"line":23,"column":74}},"line":21}},"branchMap":{},"s":{"0":1,"1":1,"2":60,"3":60,"4":5,"5":5},"f":{"0":60,"1":5},"b":{},"_coverageSchema":"1a1c01bbd47fc00a2c39e90264f33305004495a9","hash":"a0d04591c06e6eb14016227722372cca330bb9f3"}
,"/Users/fernandoortiz/Desktop/CSE118Summer/Assignment9/Assignment9/src/UI/ChannelView.js": {"path":"/Users/fernandoortiz/Desktop/CSE118Summer/Assignment9/Assignment9/src/UI/ChannelView.js","statementMap":{"0":{"start":{"line":8,"column":20},"end":{"line":23,"column":1}},"1":{"start":{"line":9,"column":23},"end":{"line":9,"column":56}},"2":{"start":{"line":11,"column":4},"end":{"line":22,"column":6}},"3":{"start":{"line":15,"column":38},"end":{"line":15,"column":45}},"4":{"start":{"line":18,"column":20},"end":{"line":18,"column":74}}},"fnMap":{"0":{"name":"(anonymous_0)","decl":{"start":{"line":8,"column":20},"end":{"line":8,"column":21}},"loc":{"start":{"line":8,"column":38},"end":{"line":23,"column":1}},"line":8},"1":{"name":"(anonymous_1)","decl":{"start":{"line":15,"column":30},"end":{"line":15,"column":31}},"loc":{"start":{"line":15,"column":38},"end":{"line":15,"column":45}},"line":15},"2":{"name":"(anonymous_2)","decl":{"start":{"line":17,"column":28},"end":{"line":17,"column":29}},"loc":{"start":{"line":18,"column":20},"end":{"line":18,"column":74}},"line":18}},"branchMap":{},"s":{"0":1,"1":35,"2":35,"3":67,"4":60},"f":{"0":35,"1":67,"2":60},"b":{},"_coverageSchema":"1a1c01bbd47fc00a2c39e90264f33305004495a9","hash":"c159c7ae96b9de84a7c231e7fe59e3afc3de137e"}
,"/Users/fernandoortiz/Desktop/CSE118Summer/Assignment9/Assignment9/src/UI/LoginView.js": {"path":"/Users/fernandoortiz/Desktop/CSE118Summer/Assignment9/Assignment9/src/UI/LoginView.js","statementMap":{"0":{"start":{"line":8,"column":18},"end":{"line":55,"column":1}},"1":{"start":{"line":9,"column":30},"end":{"line":9,"column":48}},"2":{"start":{"line":10,"column":36},"end":{"line":10,"column":54}},"3":{"start":{"line":11,"column":36},"end":{"line":11,"column":57}},"4":{"start":{"line":14,"column":20},"end":{"line":14,"column":44}},"5":{"start":{"line":15,"column":23},"end":{"line":15,"column":38}},"6":{"start":{"line":17,"column":20},"end":{"line":26,"column":5}},"7":{"start":{"line":18,"column":8},"end":{"line":18,"column":26}},"8":{"start":{"line":19,"column":32},"end":{"line":19,"column":60}},"9":{"start":{"line":20,"column":8},"end":{"line":20,"column":27}},"10":{"start":{"line":22,"column":8},"end":{"line":24,"column":9}},"11":{"start":{"line":23,"column":12},"end":{"line":23,"column":72}},"12":{"start":{"line":28,"column":4},"end":{"line":54,"column":6}}},"fnMap":{"0":{"name":"(anonymous_0)","decl":{"start":{"line":8,"column":18},"end":{"line":8,"column":19}},"loc":{"start":{"line":8,"column":24},"end":{"line":55,"column":1}},"line":8},"1":{"name":"(anonymous_1)","decl":{"start":{"line":17,"column":20},"end":{"line":17,"column":21}},"loc":{"start":{"line":17,"column":32},"end":{"line":26,"column":5}},"line":17}},"branchMap":{"0":{"loc":{"start":{"line":22,"column":8},"end":{"line":24,"column":9}},"type":"if","locations":[{"start":{"line":22,"column":8},"end":{"line":24,"column":9}},{"start":{},"end":{}}],"line":22}},"s":{"0":1,"1":110,"2":110,"3":110,"4":110,"5":110,"6":110,"7":11,"8":11,"9":11,"10":11,"11":10,"12":110},"f":{"0":110,"1":11},"b":{"0":[10,1]},"_coverageSchema":"1a1c01bbd47fc00a2c39e90264f33305004495a9","hash":"f893683c9de626800732eef7c19b28cca59d190c"}
,"/Users/fernandoortiz/Desktop/CSE118Summer/Assignment9/Assignment9/src/UI/MessageCard.js": {"path":"/Users/fernandoortiz/Desktop/CSE118Summer/Assignment9/Assignment9/src/UI/MessageCard.js","statementMap":{"0":{"start":{"line":5,"column":15},"end":{"line":15,"column":2}},"1":{"start":{"line":17,"column":20},"end":{"line":49,"column":1}},"2":{"start":{"line":18,"column":25},"end":{"line":18,"column":58}},"3":{"start":{"line":19,"column":24},"end":{"line":19,"column":57}},"4":{"start":{"line":21,"column":4},"end":{"line":21,"column":71}},"5":{"start":{"line":23,"column":40},"end":{"line":23,"column":58}},"6":{"start":{"line":26,"column":4},"end":{"line":33,"column":25}},"7":{"start":{"line":27,"column":32},"end":{"line":31,"column":9}},"8":{"start":{"line":28,"column":31},"end":{"line":28,"column":62}},"9":{"start":{"line":29,"column":12},"end":{"line":29,"column":38}},"10":{"start":{"line":30,"column":12},"end":{"line":30,"column":73}},"11":{"start":{"line":32,"column":8},"end":{"line":32,"column":26}},"12":{"start":{"line":34,"column":4},"end":{"line":34,"column":75}},"13":{"start":{"line":37,"column":4},"end":{"line":48,"column":6}},"14":{"start":{"line":40,"column":16},"end":{"line":40,"column":36}},"15":{"start":{"line":41,"column":16},"end":{"line":41,"column":81}}},"fnMap":{"0":{"name":"(anonymous_0)","decl":{"start":{"line":17,"column":20},"end":{"line":17,"column":21}},"loc":{"start":{"line":17,"column":47},"end":{"line":49,"column":1}},"line":17},"1":{"name":"(anonymous_1)","decl":{"start":{"line":26,"column":20},"end":{"line":26,"column":21}},"loc":{"start":{"line":26,"column":25},"end":{"line":33,"column":5}},"line":26},"2":{"name":"(anonymous_2)","decl":{"start":{"line":27,"column":32},"end":{"line":27,"column":33}},"loc":{"start":{"line":27,"column":44},"end":{"line":31,"column":9}},"line":27},"3":{"name":"(anonymous_3)","decl":{"start":{"line":39,"column":21},"end":{"line":39,"column":22}},"loc":{"start":{"line":39,"column":33},"end":{"line":41,"column":82}},"line":39}},"branchMap":{},"s":{"0":1,"1":1,"2":48,"3":48,"4":48,"5":48,"6":48,"7":10,"8":10,"9":10,"10":10,"11":10,"12":48,"13":48,"14":1,"15":1},"f":{"0":48,"1":10,"2":10,"3":1},"b":{},"_coverageSchema":"1a1c01bbd47fc00a2c39e90264f33305004495a9","hash":"4676a814a4b04707480b50ac488eeb90eecbf5c3"}
,"/Users/fernandoortiz/Desktop/CSE118Summer/Assignment9/Assignment9/src/UI/MessageDetailView.js": {"path":"/Users/fernandoortiz/Desktop/CSE118Summer/Assignment9/Assignment9/src/UI/MessageDetailView.js","statementMap":{"0":{"start":{"line":7,"column":15},"end":{"line":21,"column":2}},"1":{"start":{"line":23,"column":26},"end":{"line":32,"column":1}},"2":{"start":{"line":24,"column":22},"end":{"line":24,"column":55}},"3":{"start":{"line":25,"column":4},"end":{"line":25,"column":88}},"4":{"start":{"line":26,"column":4},"end":{"line":31,"column":6}}},"fnMap":{"0":{"name":"(anonymous_0)","decl":{"start":{"line":23,"column":26},"end":{"line":23,"column":27}},"loc":{"start":{"line":23,"column":32},"end":{"line":32,"column":1}},"line":23}},"branchMap":{},"s":{"0":1,"1":1,"2":1,"3":1,"4":1},"f":{"0":1},"b":{},"_coverageSchema":"1a1c01bbd47fc00a2c39e90264f33305004495a9","hash":"4a3fd096f52281425df914e64a02f6ba839f1665"}
,"/Users/fernandoortiz/Desktop/CSE118Summer/Assignment9/Assignment9/src/UI/MessageView.js": {"path":"/Users/fernandoortiz/Desktop/CSE118Summer/Assignment9/Assignment9/src/UI/MessageView.js","statementMap":{"0":{"start":{"line":9,"column":20},"end":{"line":50,"column":1}},"1":{"start":{"line":10,"column":23},"end":{"line":10,"column":56}},"2":{"start":{"line":12,"column":17},"end":{"line":14,"column":5}},"3":{"start":{"line":13,"column":8},"end":{"line":13,"column":28}},"4":{"start":{"line":16,"column":23},"end":{"line":18,"column":5}},"5":{"start":{"line":17,"column":8},"end":{"line":17,"column":46}},"6":{"start":{"line":21,"column":4},"end":{"line":36,"column":21}},"7":{"start":{"line":22,"column":8},"end":{"line":35,"column":11}},"8":{"start":{"line":24,"column":16},"end":{"line":33,"column":23}},"9":{"start":{"line":38,"column":4},"end":{"line":49,"column":6}},"10":{"start":{"line":42,"column":38},"end":{"line":42,"column":45}},"11":{"start":{"line":45,"column":20},"end":{"line":45,"column":74}}},"fnMap":{"0":{"name":"(anonymous_0)","decl":{"start":{"line":9,"column":20},"end":{"line":9,"column":21}},"loc":{"start":{"line":9,"column":38},"end":{"line":50,"column":1}},"line":9},"1":{"name":"(anonymous_1)","decl":{"start":{"line":12,"column":17},"end":{"line":12,"column":18}},"loc":{"start":{"line":12,"column":23},"end":{"line":14,"column":5}},"line":12},"2":{"name":"(anonymous_2)","decl":{"start":{"line":16,"column":23},"end":{"line":16,"column":24}},"loc":{"start":{"line":16,"column":29},"end":{"line":18,"column":5}},"line":16},"3":{"name":"(anonymous_3)","decl":{"start":{"line":21,"column":21},"end":{"line":21,"column":22}},"loc":{"start":{"line":21,"column":27},"end":{"line":36,"column":5}},"line":21},"4":{"name":"(anonymous_4)","decl":{"start":{"line":23,"column":25},"end":{"line":23,"column":26}},"loc":{"start":{"line":24,"column":16},"end":{"line":33,"column":23}},"line":24},"5":{"name":"(anonymous_5)","decl":{"start":{"line":42,"column":30},"end":{"line":42,"column":31}},"loc":{"start":{"line":42,"column":38},"end":{"line":42,"column":45}},"line":42},"6":{"name":"(anonymous_6)","decl":{"start":{"line":44,"column":28},"end":{"line":44,"column":29}},"loc":{"start":{"line":45,"column":20},"end":{"line":45,"column":74}},"line":45}},"branchMap":{},"s":{"0":1,"1":21,"2":21,"3":0,"4":21,"5":3,"6":21,"7":5,"8":33,"9":21,"10":42,"11":38},"f":{"0":21,"1":0,"2":3,"3":5,"4":33,"5":42,"6":38},"b":{},"_coverageSchema":"1a1c01bbd47fc00a2c39e90264f33305004495a9","hash":"1bd387d4fd7b0f8c159483924ee3a09601183a1c"}
,"/Users/fernandoortiz/Desktop/CSE118Summer/Assignment9/Assignment9/src/UI/Styles.js": {"path":"/Users/fernandoortiz/Desktop/CSE118Summer/Assignment9/Assignment9/src/UI/Styles.js","statementMap":{},"fnMap":{},"branchMap":{},"s":{},"f":{},"b":{},"_coverageSchema":"1a1c01bbd47fc00a2c39e90264f33305004495a9","hash":"3eaf47cb91be2c0e047f3cec4909004b34df3b5e"}
,"/Users/fernandoortiz/Desktop/CSE118Summer/Assignment9/Assignment9/src/UI/WorkspaceCard.js": {"path":"/Users/fernandoortiz/Desktop/CSE118Summer/Assignment9/Assignment9/src/UI/WorkspaceCard.js","statementMap":{"0":{"start":{"line":5,"column":15},"end":{"line":15,"column":2}},"1":{"start":{"line":17,"column":22},"end":{"line":30,"column":1}},"2":{"start":{"line":18,"column":29},"end":{"line":18,"column":64}},"3":{"start":{"line":19,"column":4},"end":{"line":29,"column":6}},"4":{"start":{"line":22,"column":16},"end":{"line":22,"column":40}},"5":{"start":{"line":23,"column":16},"end":{"line":23,"column":75}}},"fnMap":{"0":{"name":"(anonymous_0)","decl":{"start":{"line":17,"column":22},"end":{"line":17,"column":23}},"loc":{"start":{"line":17,"column":52},"end":{"line":30,"column":1}},"line":17},"1":{"name":"(anonymous_1)","decl":{"start":{"line":21,"column":21},"end":{"line":21,"column":22}},"loc":{"start":{"line":21,"column":33},"end":{"line":23,"column":76}},"line":21}},"branchMap":{},"s":{"0":1,"1":1,"2":135,"3":135,"4":7,"5":7},"f":{"0":135,"1":7},"b":{},"_coverageSchema":"1a1c01bbd47fc00a2c39e90264f33305004495a9","hash":"77ccbad3f97007ce4b99d08fae46dc180ae7ad64"}
,"/Users/fernandoortiz/Desktop/CSE118Summer/Assignment9/Assignment9/src/UI/WorkspaceView.js": {"path":"/Users/fernandoortiz/Desktop/CSE118Summer/Assignment9/Assignment9/src/UI/WorkspaceView.js","statementMap":{"0":{"start":{"line":9,"column":22},"end":{"line":45,"column":1}},"1":{"start":{"line":10,"column":25},"end":{"line":10,"column":60}},"2":{"start":{"line":11,"column":25},"end":{"line":11,"column":55}},"3":{"start":{"line":14,"column":19},"end":{"line":17,"column":5}},"4":{"start":{"line":15,"column":8},"end":{"line":15,"column":27}},"5":{"start":{"line":16,"column":8},"end":{"line":16,"column":40}},"6":{"start":{"line":19,"column":29},"end":{"line":19,"column":44}},"7":{"start":{"line":21,"column":4},"end":{"line":32,"column":6}},"8":{"start":{"line":22,"column":8},"end":{"line":31,"column":31}},"9":{"start":{"line":24,"column":16},"end":{"line":29,"column":43}},"10":{"start":{"line":33,"column":4},"end":{"line":44,"column":6}},"11":{"start":{"line":37,"column":38},"end":{"line":37,"column":45}},"12":{"start":{"line":40,"column":20},"end":{"line":40,"column":78}}},"fnMap":{"0":{"name":"(anonymous_0)","decl":{"start":{"line":9,"column":22},"end":{"line":9,"column":23}},"loc":{"start":{"line":9,"column":40},"end":{"line":45,"column":1}},"line":9},"1":{"name":"(anonymous_1)","decl":{"start":{"line":14,"column":19},"end":{"line":14,"column":20}},"loc":{"start":{"line":14,"column":31},"end":{"line":17,"column":5}},"line":14},"2":{"name":"(anonymous_2)","decl":{"start":{"line":21,"column":26},"end":{"line":21,"column":27}},"loc":{"start":{"line":21,"column":32},"end":{"line":32,"column":5}},"line":21},"3":{"name":"(anonymous_3)","decl":{"start":{"line":23,"column":25},"end":{"line":23,"column":26}},"loc":{"start":{"line":24,"column":16},"end":{"line":29,"column":43}},"line":24},"4":{"name":"(anonymous_4)","decl":{"start":{"line":37,"column":30},"end":{"line":37,"column":31}},"loc":{"start":{"line":37,"column":38},"end":{"line":37,"column":45}},"line":37},"5":{"name":"(anonymous_5)","decl":{"start":{"line":39,"column":28},"end":{"line":39,"column":29}},"loc":{"start":{"line":40,"column":20},"end":{"line":40,"column":78}},"line":40}},"branchMap":{},"s":{"0":1,"1":55,"2":55,"3":55,"4":1,"5":1,"6":55,"7":55,"8":55,"9":60,"10":55,"11":144,"12":135},"f":{"0":55,"1":1,"2":55,"3":60,"4":144,"5":135},"b":{},"_coverageSchema":"1a1c01bbd47fc00a2c39e90264f33305004495a9","hash":"d97ece0ad902c6acf3c989d38261a867071fc996"}
}
