TN:
SF:App.js
FN:11,(anonymous_0)
FNF:1
FNH:1
FNDA:12,(anonymous_0)
DA:11,1
DA:12,12
LF:2
LH:2
BRF:0
BRH:0
end_of_record
TN:
SF:src/Main.js
FN:16,(anonymous_0)
FN:28,(anonymous_1)
FN:37,(anonymous_2)
FN:46,(anonymous_3)
FN:56,(anonymous_4)
FNF:5
FNH:5
FNDA:12,(anonymous_0)
FNDA:81,(anonymous_1)
FNDA:51,(anonymous_2)
FNDA:30,(anonymous_3)
FNDA:2,(anonymous_4)
DA:13,1
DA:16,1
DA:17,12
DA:28,81
DA:37,51
DA:46,30
DA:56,2
LF:7
LH:7
BRF:0
BRH:0
end_of_record
TN:
SF:src/Model/ViewModel.js
FN:16,(anonymous_0)
FN:27,(anonymous_1)
FN:42,(anonymous_2)
FN:56,(anonymous_3)
FN:69,(anonymous_4)
FN:80,(anonymous_5)
FN:81,(anonymous_6)
FN:90,(anonymous_7)
FN:91,(anonymous_8)
FNF:9
FNH:9
FNDA:78,(anonymous_0)
FNDA:11,(anonymous_1)
FNDA:1,(anonymous_2)
FNDA:10,(anonymous_3)
FNDA:10,(anonymous_4)
FNDA:40,(anonymous_5)
FNDA:40,(anonymous_6)
FNDA:38,(anonymous_7)
FNDA:38,(anonymous_8)
DA:10,1
DA:11,1
DA:12,1
DA:13,1
DA:14,1
DA:16,1
DA:18,78
DA:19,77
DA:20,77
DA:21,77
DA:22,77
DA:23,77
DA:24,77
DA:25,77
DA:27,77
DA:28,11
DA:29,11
DA:30,11
DA:31,10
DA:32,10
DA:33,10
DA:36,1
DA:37,1
DA:38,1
DA:42,77
DA:43,1
DA:44,1
DA:45,1
DA:50,1
DA:51,1
DA:52,1
DA:56,77
DA:59,10
DA:60,10
DA:61,10
DA:62,10
DA:69,77
DA:71,10
DA:72,10
DA:80,77
DA:81,40
DA:82,40
DA:83,7
DA:84,7
DA:87,40
DA:90,77
DA:91,38
DA:92,38
DA:93,5
DA:94,5
DA:98,38
DA:102,77
LF:52
LH:52
BRDA:82,0,0,7
BRDA:82,0,1,33
BRDA:92,1,0,5
BRDA:92,1,1,33
BRF:4
BRH:4
end_of_record
TN:
SF:src/Repo/ChannelRepo.js
FN:1,(anonymous_0)
FNF:1
FNH:1
FNDA:7,(anonymous_0)
DA:1,1
DA:5,7
DA:15,7
DA:16,7
LF:4
LH:4
BRF:0
BRH:0
end_of_record
TN:
SF:src/Repo/LoginRepo.js
FN:3,(anonymous_0)
FNF:1
FNH:1
FNDA:11,(anonymous_0)
DA:3,1
DA:4,11
DA:5,11
DA:16,11
DA:17,1
DA:20,10
DA:22,10
DA:24,1
DA:25,1
LF:9
LH:9
BRDA:16,0,0,1
BRDA:16,0,1,10
BRF:2
BRH:2
end_of_record
TN:
SF:src/Repo/MemberRepo.js
FN:1,(anonymous_0)
FN:17,(anonymous_1)
FNF:2
FNH:2
FNDA:10,(anonymous_0)
FNDA:146,(anonymous_1)
DA:1,1
DA:3,10
DA:5,10
DA:15,10
DA:16,10
DA:17,146
DA:18,10
DA:19,10
LF:8
LH:8
BRF:0
BRH:0
end_of_record
TN:
SF:src/Repo/MessageRepo.js
FN:1,(anonymous_0)
FNF:1
FNH:1
FNDA:5,(anonymous_0)
DA:1,1
DA:5,5
DA:15,5
DA:17,5
LF:4
LH:4
BRF:0
BRH:0
end_of_record
TN:
SF:src/Repo/WorkspaceRepo.js
FN:3,(anonymous_0)
FNF:1
FNH:1
FNDA:10,(anonymous_0)
DA:3,1
DA:6,10
DA:17,10
DA:19,10
LF:4
LH:4
BRF:0
BRH:0
end_of_record
TN:
SF:src/UI/AddMessageView.js
FN:6,(anonymous_0)
FN:11,(anonymous_1)
FNF:2
FNH:1
FNDA:3,(anonymous_0)
FNDA:0,(anonymous_1)
DA:6,1
DA:8,3
DA:9,3
DA:11,3
DA:12,0
DA:13,0
DA:14,0
DA:18,3
LF:8
LH:5
BRF:0
BRH:0
end_of_record
TN:
SF:src/UI/ChannelCard.js
FN:17,(anonymous_0)
FN:21,(anonymous_1)
FNF:2
FNH:2
FNDA:60,(anonymous_0)
FNDA:5,(anonymous_1)
DA:5,1
DA:17,1
DA:18,60
DA:19,60
DA:22,5
DA:23,5
LF:6
LH:6
BRF:0
BRH:0
end_of_record
TN:
SF:src/UI/ChannelView.js
FN:8,(anonymous_0)
FN:15,(anonymous_1)
FN:17,(anonymous_2)
FNF:3
FNH:3
FNDA:35,(anonymous_0)
FNDA:67,(anonymous_1)
FNDA:60,(anonymous_2)
DA:8,1
DA:9,35
DA:11,35
DA:15,67
DA:18,60
LF:5
LH:5
BRF:0
BRH:0
end_of_record
TN:
SF:src/UI/LoginView.js
FN:8,(anonymous_0)
FN:17,(anonymous_1)
FNF:2
FNH:2
FNDA:110,(anonymous_0)
FNDA:11,(anonymous_1)
DA:8,1
DA:9,110
DA:10,110
DA:11,110
DA:14,110
DA:15,110
DA:17,110
DA:18,11
DA:19,11
DA:20,11
DA:22,11
DA:23,10
DA:28,110
LF:13
LH:13
BRDA:22,0,0,10
BRDA:22,0,1,1
BRF:2
BRH:2
end_of_record
TN:
SF:src/UI/MessageCard.js
FN:17,(anonymous_0)
FN:26,(anonymous_1)
FN:27,(anonymous_2)
FN:39,(anonymous_3)
FNF:4
FNH:4
FNDA:48,(anonymous_0)
FNDA:10,(anonymous_1)
FNDA:10,(anonymous_2)
FNDA:1,(anonymous_3)
DA:5,1
DA:17,1
DA:18,48
DA:19,48
DA:21,48
DA:23,48
DA:26,48
DA:27,10
DA:28,10
DA:29,10
DA:30,10
DA:32,10
DA:34,48
DA:37,48
DA:40,1
DA:41,1
LF:16
LH:16
BRF:0
BRH:0
end_of_record
TN:
SF:src/UI/MessageDetailView.js
FN:23,(anonymous_0)
FNF:1
FNH:1
FNDA:1,(anonymous_0)
DA:7,1
DA:23,1
DA:24,1
DA:25,1
DA:26,1
LF:5
LH:5
BRF:0
BRH:0
end_of_record
TN:
SF:src/UI/MessageView.js
FN:9,(anonymous_0)
FN:12,(anonymous_1)
FN:16,(anonymous_2)
FN:21,(anonymous_3)
FN:23,(anonymous_4)
FN:42,(anonymous_5)
FN:44,(anonymous_6)
FNF:7
FNH:6
FNDA:21,(anonymous_0)
FNDA:0,(anonymous_1)
FNDA:3,(anonymous_2)
FNDA:5,(anonymous_3)
FNDA:33,(anonymous_4)
FNDA:42,(anonymous_5)
FNDA:38,(anonymous_6)
DA:9,1
DA:10,21
DA:12,21
DA:13,0
DA:16,21
DA:17,3
DA:21,21
DA:22,5
DA:24,33
DA:38,21
DA:42,42
DA:45,38
LF:12
LH:11
BRF:0
BRH:0
end_of_record
TN:
SF:src/UI/Styles.js
FNF:0
FNH:0
LF:0
LH:0
BRF:0
BRH:0
end_of_record
TN:
SF:src/UI/WorkspaceCard.js
FN:17,(anonymous_0)
FN:21,(anonymous_1)
FNF:2
FNH:2
FNDA:135,(anonymous_0)
FNDA:7,(anonymous_1)
DA:5,1
DA:17,1
DA:18,135
DA:19,135
DA:22,7
DA:23,7
LF:6
LH:6
BRF:0
BRH:0
end_of_record
TN:
SF:src/UI/WorkspaceView.js
FN:9,(anonymous_0)
FN:14,(anonymous_1)
FN:21,(anonymous_2)
FN:23,(anonymous_3)
FN:37,(anonymous_4)
FN:39,(anonymous_5)
FNF:6
FNH:6
FNDA:55,(anonymous_0)
FNDA:1,(anonymous_1)
FNDA:55,(anonymous_2)
FNDA:60,(anonymous_3)
FNDA:144,(anonymous_4)
FNDA:135,(anonymous_5)
DA:9,1
DA:10,55
DA:11,55
DA:14,55
DA:15,1
DA:16,1
DA:19,55
DA:21,55
DA:22,55
DA:24,60
DA:33,55
DA:37,144
DA:40,135
LF:13
LH:13
BRF:0
BRH:0
end_of_record
